<?xml version="1.0" encoding="UTF-8"?>
<testsuite name="com.vanatta.helene.needs.loader.NeedsCsvLoaderTest" tests="1" skipped="0" failures="0" errors="0" timestamp="2024-11-03T02:16:41" hostname="Alissas-MBP.search.charter.net" time="0.09">
  <properties/>
  <testcase name="load()" classname="com.vanatta.helene.needs.loader.NeedsCsvLoaderTest" time="0.09"/>
  <system-out><![CDATA[]]></system-out>
  <system-err><![CDATA[]]></system-err>
</testsuite>
