<?xml version="1.0" encoding="UTF-8"?>
<testsuite name="com.vanatta.helene.needs.loader.NeedsLoaderMainTest" tests="1" skipped="0" failures="0" errors="0" timestamp="2024-11-03T02:16:41" hostname="Alissas-MBP.search.charter.net" time="3.657">
  <properties/>
  <testcase name="integTest()" classname="com.vanatta.helene.needs.loader.NeedsLoaderMainTest" time="3.657"/>
  <system-out><![CDATA[]]></system-out>
  <system-err><![CDATA[]]></system-err>
</testsuite>
