<?xml version="1.0" encoding="UTF-8"?>
<testsuite name="com.vanatta.helene.needs.loader.DbNeedsLoaderTest" tests="1" skipped="0" failures="0" errors="0" timestamp="2024-11-03T02:16:41" hostname="Alissas-MBP.search.charter.net" time="0.22">
  <properties/>
  <testcase name="populateData()" classname="com.vanatta.helene.needs.loader.DbNeedsLoaderTest" time="0.22"/>
  <system-out><![CDATA[]]></system-out>
  <system-err><![CDATA[SLF4J(I): Connected with provider of type [ch.qos.logback.classic.spi.LogbackServiceProvider]
]]></system-err>
</testsuite>
